<?xml version="1.0" encoding="UTF-8"?>
<!-- Generated by org.testng.reporters.JUnitXMLReporter -->
<testsuite hostname="HYDHTC100356L" name="LOGIN IN TO SELENIUM SITE" tests="4" failures="1" timestamp="7 Mar 2014 10:31:38 GMT" time="0.004" errors="0">
  <testcase name="fetchExpectedValue_User" time="0.0" classname="testClasses.Login_Application"/>
  <testcase name="getActualValue_User" time="0.0" classname="testClasses.Login_Application"/>
  <testcase name="compareLoggedUser" time="0.002" classname="testClasses.Login_Application">
    <failure type="java.lang.AssertionError" message="User IDs Do Not Match expected [true] but found [false]">
      <![CDATA[java.lang.AssertionError: User IDs Do Not Match expected [true] but found [false]
	at testClasses.Login_Application.compareLoggedUser(Login_Application.java:50)
... Removed 26 stack frames]]>
    </failure>
  </testcase> <!-- compareLoggedUser -->
  <testcase name="CheckLoggedUserLink_HomePage" time="0.0" classname="testClasses.Login_Application">
    <skipped/>
  </testcase> <!-- CheckLoggedUserLink_HomePage -->
</testsuite> <!-- LOGIN IN TO SELENIUM SITE -->
